<?xml version="1.0" encoding="UTF-8"?>
<testng-results skipped="0" failed="0" total="1" passed="1">
  <reporter-output>
  </reporter-output>
  <suite name="Default suite" duration-ms="90082" started-at="2020-07-28T05:16:30Z" finished-at="2020-07-28T05:18:00Z">
    <groups>
    </groups>
    <test name="Default test" duration-ms="90082" started-at="2020-07-28T05:16:30Z" finished-at="2020-07-28T05:18:00Z">
      <class name="EmulatorTesting">
        <test-method status="PASS" signature="shopping()[pri:0, instance:EmulatorTesting@5383967b]" name="shopping" duration-ms="90036" started-at="2020-07-28T10:46:30Z" finished-at="2020-07-28T10:48:00Z">
          <reporter-output>
          </reporter-output>
        </test-method> <!-- shopping -->
      </class> <!-- EmulatorTesting -->
    </test> <!-- Default test -->
  </suite> <!-- Default suite -->
</testng-results>
